SF:lib/logto_client.dart
DA:24,0
DA:30,0
DA:39,0
DA:43,1
DA:48,1
DA:49,1
DA:52,0
DA:53,0
DA:56,0
DA:57,0
DA:58,0
DA:61,0
DA:62,0
DA:63,0
DA:66,0
DA:67,0
DA:68,0
DA:71,0
DA:72,0
DA:74,0
DA:77,0
DA:78,0
DA:85,0
DA:88,0
DA:89,0
DA:93,0
DA:94,0
DA:98,0
DA:104,0
DA:105,0
DA:108,0
DA:112,0
DA:115,0
DA:117,0
DA:119,0
DA:120,0
DA:124,0
DA:126,0
DA:128,0
DA:129,0
DA:132,0
DA:135,0
DA:136,0
DA:137,0
DA:138,0
DA:141,0
DA:143,0
DA:147,0
DA:149,0
DA:150,0
DA:152,0
DA:153,0
DA:157,0
DA:158,0
DA:160,0
DA:161,0
DA:162,0
DA:166,0
DA:167,0
DA:168,0
DA:172,0
DA:175,0
DA:176,0
DA:177,0
DA:178,0
DA:179,0
DA:181,0
DA:182,0
DA:183,0
DA:185,0
DA:186,0
DA:187,0
DA:188,0
DA:192,0
DA:193,0
DA:194,0
DA:199,0
DA:201,0
DA:202,0
DA:206,0
DA:208,0
DA:211,0
DA:214,0
DA:216,0
DA:218,0
DA:220,0
DA:221,0
DA:225,0
DA:227,0
DA:229,0
DA:231,0
DA:232,0
DA:233,0
DA:236,0
DA:238,0
DA:240,0
DA:243,0
DA:248,0
DA:251,0
DA:255,0
DA:257,0
DA:258,0
DA:266,0
DA:268,0
DA:269,0
LF:105
LH:3
end_of_record
SF:lib/src/modules/logto_storage_strategy.dart
DA:21,0
DA:23,0
DA:26,0
DA:28,0
DA:31,0
DA:33,0
LF:6
LH:0
end_of_record
SF:lib/src/exceptions/logto_auth_exceptions.dart
DA:13,0
DA:15,0
DA:17,0
LF:3
LH:0
end_of_record
SF:lib/src/modules/id_token.dart
DA:6,0
DA:7,0
DA:8,0
DA:9,0
DA:10,0
DA:16,0
DA:20,0
DA:21,0
DA:23,0
DA:24,0
DA:26,0
DA:27,0
DA:29,0
DA:30,0
DA:32,0
DA:33,0
DA:39,2
DA:41,0
DA:42,0
LF:19
LH:1
end_of_record
SF:lib/src/modules/pkce.dart
DA:11,1
DA:13,1
DA:14,1
DA:15,1
DA:17,1
DA:20,2
DA:22,1
DA:23,4
DA:24,1
LF:9
LH:9
end_of_record
SF:lib/src/modules/token_storage.dart
DA:22,2
DA:25,2
DA:28,1
DA:30,0
DA:33,1
DA:34,1
DA:37,1
DA:38,1
DA:39,1
DA:40,1
DA:43,1
DA:44,1
DA:45,0
DA:49,2
DA:50,2
DA:52,1
DA:55,1
DA:56,2
DA:58,1
DA:61,1
DA:64,1
DA:65,2
DA:67,1
DA:69,2
DA:73,0
DA:75,0
DA:76,0
DA:85,1
DA:87,1
DA:89,2
DA:91,2
DA:94,2
DA:95,1
DA:102,1
DA:104,2
DA:106,1
DA:112,1
DA:113,2
DA:114,1
DA:118,0
DA:119,0
DA:122,1
DA:124,2
DA:125,5
DA:126,2
DA:127,1
DA:130,1
DA:132,1
DA:136,3
DA:139,1
DA:141,2
DA:142,1
DA:144,1
DA:146,4
DA:149,1
DA:151,1
DA:154,1
DA:155,1
DA:156,1
DA:159,3
DA:161,1
DA:164,1
DA:165,2
DA:170,1
DA:180,1
DA:186,2
DA:187,1
DA:188,1
DA:189,1
DA:193,1
DA:194,1
DA:195,1
DA:196,1
DA:197,2
DA:198,2
DA:199,2
DA:200,2
LF:77
LH:70
end_of_record
SF:lib/src/utilities/constants.dart
DA:1,5
LF:1
LH:1
end_of_record
SF:lib/src/utilities/utils.dart
DA:8,2
DA:9,3
DA:11,1
DA:12,1
DA:14,4
DA:15,2
DA:18,1
DA:19,1
DA:20,2
DA:22,1
DA:25,0
DA:26,0
DA:27,0
DA:29,0
LF:14
LH:10
end_of_record
SF:lib/logto_core.dart
DA:15,1
DA:17,2
DA:19,1
DA:21,1
DA:24,1
DA:32,1
DA:40,1
DA:41,2
DA:44,2
DA:45,1
DA:47,1
DA:49,1
DA:52,1
DA:60,1
DA:66,0
DA:67,0
DA:70,0
DA:71,0
DA:74,2
DA:75,1
DA:77,1
DA:79,1
DA:82,1
DA:86,2
DA:87,2
DA:89,1
DA:91,1
DA:94,0
DA:100,0
DA:101,0
DA:102,0
DA:104,1
DA:113,1
DA:115,1
DA:121,3
DA:126,1
DA:127,2
DA:130,1
DA:133,1
DA:138,1
DA:140,2
DA:142,1
DA:146,0
DA:148,0
DA:149,0
DA:153,0
DA:155,0
DA:156,0
DA:157,0
DA:160,0
DA:161,0
DA:165,0
DA:166,0
DA:170,0
DA:171,0
DA:175,0
LF:56
LH:34
end_of_record
SF:lib/src/interfaces/logto_config.dart
DA:8,1
LF:1
LH:1
end_of_record
SF:lib/src/interfaces/logto_user_info_response.dart
DA:18,1
DA:25,1
DA:26,1
DA:28,0
LF:4
LH:3
end_of_record
SF:lib/src/interfaces/logto_user_info_response.g.dart
DA:9,1
DA:11,1
DA:16,1
DA:17,1
DA:18,1
DA:19,1
DA:20,1
DA:21,1
DA:22,2
DA:23,1
DA:27,0
DA:29,0
DA:30,0
DA:31,0
DA:32,0
DA:33,0
DA:34,0
LF:17
LH:10
end_of_record
SF:lib/src/utilities/http_utils.dart
DA:7,1
DA:8,2
DA:9,5
DA:10,0
DA:11,1
DA:13,3
DA:15,2
DA:17,4
DA:18,0
LF:9
LH:7
end_of_record
SF:lib/src/exceptions/http_request_exceptions.dart
DA:6,0
DA:8,0
DA:10,0
LF:3
LH:0
end_of_record
SF:lib/src/interfaces/access_token.dart
DA:14,1
DA:20,6
DA:22,0
DA:23,0
DA:25,2
LF:5
LH:3
end_of_record
SF:lib/src/interfaces/access_token.g.dart
DA:9,0
DA:10,0
DA:15,0
DA:16,0
DA:17,0
DA:18,0
DA:22,1
DA:23,1
DA:24,1
DA:25,1
DA:26,2
LF:11
LH:5
end_of_record
SF:lib/src/interfaces/logto_code_token_response.dart
DA:18,1
DA:26,1
DA:27,1
DA:29,0
LF:4
LH:3
end_of_record
SF:lib/src/interfaces/logto_code_token_response.g.dart
DA:9,1
DA:11,1
DA:21,1
DA:22,1
DA:23,1
DA:24,1
DA:25,1
DA:26,1
DA:30,0
DA:32,0
DA:33,0
DA:34,0
DA:35,0
DA:36,0
DA:37,0
LF:15
LH:8
end_of_record
SF:lib/src/interfaces/logto_refresh_token_response.dart
DA:18,1
DA:25,1
DA:26,1
DA:28,0
LF:4
LH:3
end_of_record
SF:lib/src/interfaces/logto_refresh_token_response.g.dart
DA:9,1
DA:11,1
DA:26,1
DA:27,1
DA:28,1
DA:29,1
DA:30,1
DA:31,1
DA:35,0
DA:37,0
DA:38,0
DA:39,0
DA:40,0
DA:41,0
DA:42,0
LF:15
LH:8
end_of_record
SF:lib/src/interfaces/oidc_provider_config.dart
DA:24,1
DA:33,1
DA:34,1
DA:36,0
LF:4
LH:3
end_of_record
SF:lib/src/interfaces/oidc_provider_config.g.dart
DA:9,1
DA:10,1
DA:31,1
DA:32,1
DA:33,1
DA:34,1
DA:35,1
DA:36,1
DA:37,1
DA:38,1
DA:42,0
DA:43,0
DA:44,0
DA:45,0
DA:46,0
DA:47,0
DA:48,0
DA:49,0
DA:50,0
LF:19
LH:10
end_of_record
